<?xml version="1.0" encoding="UTF-8"?>
<!-- Generated by org.testng.reporters.JUnitReportReporter -->
<testsuite hostname="XIPL9166" name="com.hm.tests.HmIndexPageTests" tests="2" failures="0" timestamp="18 Jul 2020 09:00:29 GMT" time="24.543" errors="0">
  <testcase name="validateIfHmLogoIsPresent" time="11.148" classname="com.hm.tests.HmIndexPageTests"/>
  <testcase name="loginWithValidCreds" time="13.395" classname="com.hm.tests.HmIndexPageTests"/>
</testsuite> <!-- com.hm.tests.HmIndexPageTests -->
