<?xml version="1.0" encoding="UTF-8"?>
<!-- Generated by org.testng.reporters.JUnitReportReporter -->
<testsuite hostname="XIPL9166" name="com.hm.tests.HomePageOnLoginTests" tests="1" failures="0" timestamp="18 Jul 2020 07:08:21 GMT" time="19.607" errors="0">
  <testcase name="validateIfSignInIsChangedToMyAccount" time="19.607" classname="com.hm.tests.HomePageOnLoginTests"/>
</testsuite> <!-- com.hm.tests.HomePageOnLoginTests -->
