<?xml version="1.0" encoding="UTF-8"?>
<!-- Generated by org.testng.reporters.JUnitReportReporter -->
<testsuite skipped="0" hostname="XIPL9166" name="com.hm.tests.HmIndexPageTests" tests="2" failures="0" timestamp="2020-07-18T23:37:04 IST" time="23.283" errors="0">
  <testcase name="validateIfHmLogoIsPresent" time="8.991" classname="com.hm.tests.HmIndexPageTests"/>
  <system-out/>
  <testcase name="loginWithValidCreds" time="14.292" classname="com.hm.tests.HmIndexPageTests"/>
  <system-out/>
</testsuite> <!-- com.hm.tests.HmIndexPageTests -->
