<?xml version="1.0" encoding="UTF-8"?>
<!-- Generated by org.testng.reporters.JUnitReportReporter -->
<testsuite skipped="0" hostname="XIPL9166" name="com.hm.tests.HmIndexPageTests" tests="2" failures="0" timestamp="2020-07-19T19:41:05 IST" time="27.554" errors="0">
  <testcase name="validateIfHmLogoIsPresent" time="9.064" classname="com.hm.tests.HmIndexPageTests"/>
  <system-out/>
  <testcase name="loginWithValidCreds" time="18.490" classname="com.hm.tests.HmIndexPageTests"/>
  <system-out/>
</testsuite> <!-- com.hm.tests.HmIndexPageTests -->
